\BOOKMARK [0][-]{chapter.1}{Topological Vector Spaces and Banach Spaces}{}% 1
\BOOKMARK [1][-]{section.1.1}{Topological Vector Spaces}{chapter.1}% 2
\BOOKMARK [2][-]{subsection.1.1.1}{Topological Spaces}{section.1.1}% 3
\BOOKMARK [2][-]{subsection.1.1.2}{Definition and Properties}{section.1.1}% 4
\BOOKMARK [2][-]{subsection.1.1.3}{Continuous Linear Maps}{section.1.1}% 5
\BOOKMARK [2][-]{subsection.1.1.4}{Complete Topological Vector Spaces}{section.1.1}% 6
\BOOKMARK [2][-]{subsection.1.1.5}{Finite Dimensional Topological Vector Spaces}{section.1.1}% 7
\BOOKMARK [1][-]{section.1.2}{Locally Convex Topological Vector Spaces}{chapter.1}% 8
\BOOKMARK [2][-]{subsection.1.2.1}{Definition by Convex Sets}{section.1.2}% 9
\BOOKMARK [2][-]{subsection.1.2.2}{Definition by Seminorms}{section.1.2}% 10
\BOOKMARK [2][-]{subsection.1.2.3}{Separability and Metrizability}{section.1.2}% 11
\BOOKMARK [2][-]{subsection.1.2.4}{Continuous Linear Maps on LCTVS}{section.1.2}% 12
\BOOKMARK [1][-]{section.1.3}{The Hahn-Banach Theorem}{chapter.1}% 13
\BOOKMARK [2][-]{subsection.1.3.1}{Two Forms of Hahn-Banach Theorem}{section.1.3}% 14
\BOOKMARK [2][-]{subsection.1.3.2}{Applications}{section.1.3}% 15
\BOOKMARK [1][-]{section.1.4}{Banach Spaces}{chapter.1}% 16
\BOOKMARK [2][-]{subsection.1.4.1}{Elementary Properties}{section.1.4}% 17
\BOOKMARK [2][-]{subsection.1.4.2}{Linear Transformations and Linear Functionals}{section.1.4}% 18
\BOOKMARK [2][-]{subsection.1.4.3}{Weak Topologies}{section.1.4}% 19
\BOOKMARK [2][-]{subsection.1.4.4}{Adjoint Operators}{section.1.4}% 20
\BOOKMARK [1][-]{section.1.5}{Hilbert Spaces}{chapter.1}% 21
\BOOKMARK [2][-]{subsection.1.5.1}{Projcetion Theorem and Riesz Theorem}{section.1.5}% 22
\BOOKMARK [2][-]{subsection.1.5.2}{Ajoint Operators}{section.1.5}% 23
\BOOKMARK [2][-]{subsection.1.5.3}{Orthonormal Sets and Schauder Basis}{section.1.5}% 24
\BOOKMARK [0][-]{chapter.2}{Banach Algebras and C*-Algebras}{}% 25
\BOOKMARK [1][-]{section.2.1}{Banach Algebras}{chapter.2}% 26
\BOOKMARK [2][-]{subsection.2.1.1}{Elementary Properties}{section.2.1}% 27
\BOOKMARK [2][-]{subsection.2.1.2}{Spectrum}{section.2.1}% 28
\BOOKMARK [2][-]{subsection.2.1.3}{Riesz Functional Calculus}{section.2.1}% 29
