\BOOKMARK [0][-]{chapter.1}{Topological Vector Spaces and Banach Spaces}{}% 1
\BOOKMARK [1][-]{section.1.1}{Topological Vector Spaces}{chapter.1}% 2
\BOOKMARK [2][-]{subsection.1.1.1}{Definition and Properties}{section.1.1}% 3
\BOOKMARK [2][-]{subsection.1.1.2}{Hausdorff TVS and Quotient TVS}{section.1.1}% 4
\BOOKMARK [2][-]{subsection.1.1.3}{Continuous Linear Maps}{section.1.1}% 5
\BOOKMARK [2][-]{subsection.1.1.4}{Finite Dimensional TVS}{section.1.1}% 6
\BOOKMARK [1][-]{section.1.2}{Locally Convex Topological Vector Spaces}{chapter.1}% 7
\BOOKMARK [2][-]{subsection.1.2.1}{Seminorms and LCTVS}{section.1.2}% 8
\BOOKMARK [2][-]{subsection.1.2.2}{Hausdorff LCTVS and Direct Limits}{section.1.2}% 9
\BOOKMARK [2][-]{subsection.1.2.3}{Continuous Linear Maps}{section.1.2}% 10
\BOOKMARK [1][-]{section.1.3}{Hahn-Banach Theorem}{chapter.1}% 11
\BOOKMARK [2][-]{subsection.1.3.1}{Analytic Form and Geometric Form}{section.1.3}% 12
\BOOKMARK [2][-]{subsection.1.3.2}{Applications}{section.1.3}% 13
\BOOKMARK [1][-]{section.1.4}{Banach Spaces}{chapter.1}% 14
\BOOKMARK [2][-]{subsection.1.4.1}{Elementary Properties}{section.1.4}% 15
\BOOKMARK [2][-]{subsection.1.4.2}{Linear Operators and Functionals}{section.1.4}% 16
\BOOKMARK [2][-]{subsection.1.4.3}{Weak Topology}{section.1.4}% 17
\BOOKMARK [1][-]{section.1.5}{Hilbert Spaces}{chapter.1}% 18
\BOOKMARK [2][-]{subsection.1.5.1}{Properties and Orthogonality}{section.1.5}% 19
\BOOKMARK [2][-]{subsection.1.5.2}{The Riesz Representation Theorem}{section.1.5}% 20
\BOOKMARK [0][-]{chapter.2}{Banach Algebras and C*-Algebras}{}% 21
\BOOKMARK [1][-]{section.2.1}{Banach Algebras}{chapter.2}% 22
\BOOKMARK [2][-]{subsection.2.1.1}{Definition}{section.2.1}% 23
\BOOKMARK [2][-]{subsection.2.1.2}{The Spectrum}{section.2.1}% 24
\BOOKMARK [2][-]{subsection.2.1.3}{The Riesz Functional Calculus}{section.2.1}% 25
\BOOKMARK [2][-]{subsection.2.1.4}{Abelian Banach Algebras}{section.2.1}% 26
\BOOKMARK [1][-]{section.2.2}{C*-Algebras}{chapter.2}% 27
\BOOKMARK [2][-]{subsection.2.2.1}{Properties}{section.2.2}% 28
\BOOKMARK [2][-]{subsection.2.2.2}{Ideals and Quotients}{section.2.2}% 29
\BOOKMARK [2][-]{subsection.2.2.3}{Abelian C*-Algebras and Functional Calculus}{section.2.2}% 30
\BOOKMARK [2][-]{subsection.2.2.4}{Positive elements and Positive Maps}{section.2.2}% 31
\BOOKMARK [2][-]{subsection.2.2.5}{Approcimate Identities}{section.2.2}% 32
\BOOKMARK [2][-]{subsection.2.2.6}{Representations and GNS Construction}{section.2.2}% 33
\BOOKMARK [2][-]{subsection.2.2.7}{von Neumann Algebras}{section.2.2}% 34
\BOOKMARK [1][-]{section.2.3}{Operators on Hilbert Spaces}{chapter.2}% 35
\BOOKMARK [2][-]{subsection.2.3.1}{Elementary Properties}{section.2.3}% 36
\BOOKMARK [2][-]{subsection.2.3.2}{The Adjoint of an Operator}{section.2.3}% 37
\BOOKMARK [2][-]{subsection.2.3.3}{Projections}{section.2.3}% 38
\BOOKMARK [2][-]{subsection.2.3.4}{The Spectrum of a Linear Operator}{section.2.3}% 39
\BOOKMARK [0][-]{chapter.3}{Some Important Operator Algebras}{}% 40
\BOOKMARK [1][-]{section.3.1}{Normal Operators}{chapter.3}% 41
\BOOKMARK [2][-]{subsection.3.1.1}{Spectral Measures}{section.3.1}% 42
\BOOKMARK [2][-]{subsection.3.1.2}{Spetral Theorem for Normal Operators}{section.3.1}% 43
\BOOKMARK [2][-]{subsection.3.1.3}{Star-Cyclic Operators}{section.3.1}% 44
\BOOKMARK [2][-]{subsection.3.1.4}{Functional Calculus for Normal Operators}{section.3.1}% 45
\BOOKMARK [2][-]{subsection.3.1.5}{Multiplity Theory}{section.3.1}% 46
\BOOKMARK [1][-]{section.3.2}{Compact Operators}{chapter.3}% 47
\BOOKMARK [2][-]{subsection.3.2.1}{Elementary Properties}{section.3.2}% 48
\BOOKMARK [2][-]{subsection.3.2.2}{Spectral Theorem for Compact Operators}{section.3.2}% 49
\BOOKMARK [2][-]{subsection.3.2.3}{C*-Algebras of Compact Operators}{section.3.2}% 50
\BOOKMARK [1][-]{section.3.3}{Trace Class and Hilbert-Schmit Class}{chapter.3}% 51
\BOOKMARK [2][-]{subsection.3.3.1}{Definition and Properties}{section.3.3}% 52
\BOOKMARK [2][-]{subsection.3.3.2}{Dual Space and Weak* Topology}{section.3.3}% 53
\BOOKMARK [2][-]{subsection.3.3.3}{Inflation and Topologies}{section.3.3}% 54
\BOOKMARK [1][-]{section.3.4}{Fredholm Operators}{chapter.3}% 55
\BOOKMARK [2][-]{subsection.3.4.1}{Definition}{section.3.4}% 56
\BOOKMARK [2][-]{subsection.3.4.2}{The Fredholm Index}{section.3.4}% 57
\BOOKMARK [2][-]{subsection.3.4.3}{The Essential Spectrum}{section.3.4}% 58
\BOOKMARK [1][-]{section.3.5}{Isometries and Shifts}{chapter.3}% 59
\BOOKMARK [2][-]{subsection.3.5.1}{The von Neumann-Wold Decomposition}{section.3.5}% 60
\BOOKMARK [2][-]{subsection.3.5.2}{Properties of Shifts}{section.3.5}% 61
\BOOKMARK [2][-]{subsection.3.5.3}{Toepliz Operators}{section.3.5}% 62
\BOOKMARK [2][-]{subsection.3.5.4}{Cuntz Algebra and Its Classifications}{section.3.5}% 63
\BOOKMARK [0][-]{chapter.4}{Compact Perturbation}{}% 64
\BOOKMARK [1][-]{section.4.1}{The Weyl-von Neumann Theorem}{chapter.4}% 65
\BOOKMARK [1][-]{section.4.2}{The Weyl-von Neumann-Berg Theorem}{chapter.4}% 66
\BOOKMARK [1][-]{section.4.3}{The Voiculesu's Theorem}{chapter.4}% 67
\BOOKMARK [1][-]{section.4.4}{Equivalent Representions and Approximately Equivalent Representations}{chapter.4}% 68
\BOOKMARK [0][-]{chapter.5}{Von Neumann Algebras}{}% 69
\BOOKMARK [1][-]{section.5.1}{Elementary Properties}{chapter.5}% 70
\BOOKMARK [1][-]{section.5.2}{The Kaplansky Density Theorem}{chapter.5}% 71
\BOOKMARK [1][-]{section.5.3}{Normal Homomorphisms}{chapter.5}% 72
\BOOKMARK [2][-]{subsection.5.3.1}{The Up-Down Theorem}{section.5.3}% 73
\BOOKMARK [2][-]{subsection.5.3.2}{Ideals}{section.5.3}% 74
\BOOKMARK [1][-]{section.5.4}{Projections}{chapter.5}% 75
\BOOKMARK [1][-]{section.5.5}{Classifications of von Neumann Algebras}{chapter.5}% 76
\BOOKMARK [1][-]{section.5.6}{The Structure of Type i Algebras}{chapter.5}% 77
